<?xml version="1.0" encoding="UTF-8"?>
<!-- Generated by org.testng.reporters.JUnitXMLReporter -->
<testsuite ignored="0" hostname="DESKTOP-FEI5F1K" failures="2" tests="2" name="Test2" time="0.031" errors="0" timestamp="2022-08-05T15:05:18 IST">
  <testcase classname="TESTNGprogramsALL.AddSubParameterprogram" name="diff" time="0.0">
    <failure type="org.testng.TestNGException" message="
Parameter &amp;apos;val2&amp;apos; is required by @Test on method diff but has not been marked @Optional or defined
in H:\TESTngProject\src\AddSubParameterprogram.XML">
      <![CDATA[org.testng.TestNGException: 
Parameter 'val2' is required by @Test on method diff but has not been marked @Optional or defined
in H:\TESTngProject\src\AddSubParameterprogram.XML
at java.base/java.util.ArrayList.forEach(ArrayList.java:1511)
... Removed 26 stack frames]]>
    </failure>
  </testcase> <!-- diff -->
  <testcase classname="TESTNGprogramsALL.AddSubParameterprogram" name="sum" time="0.0">
    <failure type="org.testng.TestNGException" message="
Parameter &amp;apos;val2&amp;apos; is required by @Test on method sum but has not been marked @Optional or defined
in H:\TESTngProject\src\AddSubParameterprogram.XML">
      <![CDATA[org.testng.TestNGException: 
Parameter 'val2' is required by @Test on method sum but has not been marked @Optional or defined
in H:\TESTngProject\src\AddSubParameterprogram.XML
at java.base/java.util.ArrayList.forEach(ArrayList.java:1511)
... Removed 26 stack frames]]>
    </failure>
  </testcase> <!-- sum -->
</testsuite> <!-- Test2 -->
