<?xml version="1.0" encoding="UTF-8"?>
<!-- Generated by org.testng.reporters.JUnitXMLReporter -->
<testsuite ignored="0" hostname="DESKTOP-FEI5F1K" failures="0" tests="2" name="Default test" time="0.066" errors="0" timestamp="2022-08-09T18:30:40 IST">
  <testcase classname="TESTNGprogramsALL.CrossBrowserTestingprogram" name="@BeforeClass f" time="-1.660050040384E9">
    <failure type="org.testng.TestNGException" message="
Parameter &amp;apos;browser&amp;apos; is required by BeforeClass on method f but has not been marked @Optional or defined
in C:\Users\user\AppData\Local\Temp\testng-eclipse-678418021\testng-customsuite.xml">
      <![CDATA[org.testng.TestNGException: 
Parameter 'browser' is required by BeforeClass on method f but has not been marked @Optional or defined
in C:\Users\user\AppData\Local\Temp\testng-eclipse-678418021\testng-customsuite.xml
at org.testng.internal.Parameters.createParams(Parameters.java:270)
at org.testng.internal.Parameters.createParametersForMethod(Parameters.java:358)
at org.testng.internal.Parameters.createParameters(Parameters.java:700)
at org.testng.internal.Parameters.createConfigurationParameters(Parameters.java:168)
at org.testng.internal.ConfigInvoker.invokeConfigurations(ConfigInvoker.java:302)
at org.testng.internal.TestMethodWorker.invokeBeforeClassMethods(TestMethodWorker.java:176)
at org.testng.internal.TestMethodWorker.run(TestMethodWorker.java:122)
at java.base/java.util.ArrayList.forEach(ArrayList.java:1511)
at org.testng.TestRunner.privateRun(TestRunner.java:794)
at org.testng.TestRunner.run(TestRunner.java:596)
at org.testng.SuiteRunner.runTest(SuiteRunner.java:377)
at org.testng.SuiteRunner.runSequentially(SuiteRunner.java:371)
at org.testng.SuiteRunner.privateRun(SuiteRunner.java:332)
at org.testng.SuiteRunner.run(SuiteRunner.java:276)
at org.testng.SuiteRunnerWorker.runSuite(SuiteRunnerWorker.java:53)
at org.testng.SuiteRunnerWorker.run(SuiteRunnerWorker.java:96)
at org.testng.TestNG.runSuitesSequentially(TestNG.java:1212)
at org.testng.TestNG.runSuitesLocally(TestNG.java:1134)
at org.testng.TestNG.runSuites(TestNG.java:1063)
at org.testng.TestNG.run(TestNG.java:1031)
at org.testng.remote.AbstractRemoteTestNG.run(AbstractRemoteTestNG.java:115)
at org.testng.remote.RemoteTestNG.initAndRun(RemoteTestNG.java:251)
at org.testng.remote.RemoteTestNG.main(RemoteTestNG.java:77)
]]>
    </failure>
  </testcase> <!-- @BeforeClass f -->
  <testcase classname="TESTNGprogramsALL.CrossBrowserTestingprogram" name="@AfterClass teardown" time="-1.660050040425E9">
    <skipped/>
  </testcase> <!-- @AfterClass teardown -->
  <testcase classname="TESTNGprogramsALL.CrossBrowserTestingprogram" name="loginlit" time="0.0">
    <skipped/>
  </testcase> <!-- loginlit -->
  <testcase classname="TESTNGprogramsALL.CrossBrowserTestingprogram" name="checkTitleTest" time="0.0">
    <skipped/>
  </testcase> <!-- checkTitleTest -->
</testsuite> <!-- Default test -->
